<?xml version="1.0" encoding="UTF-8"?>
<!-- Generated by org.testng.reporters.JUnitXMLReporter -->
<testsuite ignored="0" hostname="nblap283" failures="0" tests="5" name="Surefire test" time="128.514" errors="0" timestamp="2023-06-12T17:32:17 IST">
  <testcase classname="com.test.maven.LearnMavan.StreamsTest" name="displayNames" time="0.005"/>
  <testcase classname="com.tests.ErrorValidationsTest" name="sumbitOrder" time="1.108"/>
  <testcase classname="com.tests.SubmitOrderTest" name="sumbitOrder" time="9.504"/>
  <testcase classname="com.tests.SubmitOrderTest" name="sumbitOrder" time="9.956"/>
  <testcase classname="com.tests.SubmitOrderTest" name="orderHistory" time="4.057"/>
</testsuite> <!-- Surefire test -->
