<?xml version="1.0" encoding="UTF-8"?>
<!-- Generated by org.testng.reporters.JUnitXMLReporter -->
<testsuite ignored="0" hostname="nblap283" failures="0" tests="5" name="Surefire test" time="130.683" errors="0" timestamp="2023-06-12T10:49:21 IST">
  <testcase classname="com.test.maven.LearnMavan.StreamsTest" name="displayNames" time="0.005"/>
  <testcase classname="com.tests.ErrorValidationsTest" name="sumbitOrder" time="1.479"/>
  <testcase classname="com.tests.SubmitOrderTest" name="sumbitOrder" time="12.749"/>
  <testcase classname="com.tests.SubmitOrderTest" name="sumbitOrder" time="9.705"/>
  <testcase classname="com.tests.SubmitOrderTest" name="orderHistory" time="3.581"/>
</testsuite> <!-- Surefire test -->
