<?xml version="1.0" encoding="UTF-8"?>
<!-- Generated by org.testng.reporters.JUnitXMLReporter -->
<testsuite ignored="0" hostname="nblap283" failures="0" tests="3" name="Submit Order" time="106.932" errors="0" timestamp="2023-06-07T12:35:31 IST">
  <testcase classname="com.tests.SubmitOrderTest" name="sumbitOrder" time="13.535"/>
  <testcase classname="com.tests.SubmitOrderTest" name="sumbitOrder" time="12.942"/>
  <testcase classname="com.tests.SubmitOrderTest" name="orderHistory" time="3.64"/>
</testsuite> <!-- Submit Order -->
