<?xml version="1.0" encoding="UTF-8"?>
<!-- Generated by org.testng.reporters.JUnitXMLReporter -->
<testsuite ignored="0" hostname="nblap283" failures="0" tests="3" name="Submit Order" time="106.317" errors="0" timestamp="2023-06-12T11:45:17 IST">
  <testcase classname="com.tests.SubmitOrderTest" name="sumbitOrder" time="13.075"/>
  <testcase classname="com.tests.SubmitOrderTest" name="sumbitOrder" time="12.297"/>
  <testcase classname="com.tests.SubmitOrderTest" name="orderHistory" time="3.932"/>
</testsuite> <!-- Submit Order -->
