<?xml version="1.0" encoding="UTF-8"?>
<!-- Generated by org.testng.reporters.JUnitXMLReporter -->
<testsuite ignored="0" hostname="nblap283" failures="0" tests="3" name="Submit Order" time="103.23" errors="0" timestamp="2023-06-08T18:46:55 IST">
  <testcase classname="com.tests.SubmitOrderTest" name="sumbitOrder" time="13.217"/>
  <testcase classname="com.tests.SubmitOrderTest" name="sumbitOrder" time="12.881"/>
  <testcase classname="com.tests.SubmitOrderTest" name="orderHistory" time="3.529"/>
</testsuite> <!-- Submit Order -->
