<?xml version="1.0" encoding="UTF-8"?>
<testng-results ignored="0" total="4" passed="4" failed="0" skipped="0">
  <reporter-output>
  </reporter-output>
  <suite started-at="2023-06-12T11:43:30 IST" name="Suite" finished-at="2023-06-12T11:45:43 IST" duration-ms="133267">
    <groups>
      <group name="Purchase">
        <method signature="SubmitOrderTest.sumbitOrder(java.util.HashMap)[pri:0, instance:com.tests.SubmitOrderTest@53f6fd09]" name="sumbitOrder" class="com.tests.SubmitOrderTest"/>
      </group> <!-- Purchase -->
    </groups>
    <test started-at="2023-06-12T11:43:30 IST" name="Submit Order" finished-at="2023-06-12T11:45:16 IST" duration-ms="106317">
      <class name="com.tests.SubmitOrderTest">
        <test-method is-config="true" signature="launchApplication()[pri:0, instance:com.tests.SubmitOrderTest@53f6fd09]" started-at="2023-06-12T11:43:30 IST" name="launchApplication" finished-at="2023-06-12T11:43:56 IST" duration-ms="26315" status="PASS">
          <reporter-output>
          </reporter-output>
        </test-method> <!-- launchApplication -->
        <test-method signature="sumbitOrder(java.util.HashMap)[pri:0, instance:com.tests.SubmitOrderTest@53f6fd09]" started-at="2023-06-12T11:43:56 IST" name="sumbitOrder" data-provider="getData" finished-at="2023-06-12T11:44:09 IST" duration-ms="13075" status="PASS">
          <params>
            <param index="0">
              <value>
                <![CDATA[{password=Test@123, email=johnsmith123@gmail.com}]]>
              </value>
            </param>
          </params>
          <reporter-output>
          </reporter-output>
        </test-method> <!-- sumbitOrder -->
        <test-method is-config="true" signature="launchApplication()[pri:0, instance:com.tests.SubmitOrderTest@53f6fd09]" started-at="2023-06-12T11:44:09 IST" name="launchApplication" finished-at="2023-06-12T11:44:34 IST" duration-ms="24275" status="PASS">
          <reporter-output>
          </reporter-output>
        </test-method> <!-- launchApplication -->
        <test-method signature="sumbitOrder(java.util.HashMap)[pri:0, instance:com.tests.SubmitOrderTest@53f6fd09]" started-at="2023-06-12T11:44:34 IST" name="sumbitOrder" data-provider="getData" finished-at="2023-06-12T11:44:46 IST" duration-ms="12297" status="PASS">
          <params>
            <param index="0">
              <value>
                <![CDATA[{password=Iamking@000, email=anshika@gmail.com}]]>
              </value>
            </param>
          </params>
          <reporter-output>
          </reporter-output>
        </test-method> <!-- sumbitOrder -->
        <test-method is-config="true" signature="launchApplication()[pri:0, instance:com.tests.SubmitOrderTest@53f6fd09]" started-at="2023-06-12T11:44:46 IST" name="launchApplication" finished-at="2023-06-12T11:45:12 IST" duration-ms="26365" status="PASS">
          <reporter-output>
          </reporter-output>
        </test-method> <!-- launchApplication -->
        <test-method signature="orderHistory()[pri:0, instance:com.tests.SubmitOrderTest@53f6fd09]" started-at="2023-06-12T11:45:12 IST" name="orderHistory" finished-at="2023-06-12T11:45:16 IST" depends-on-methods="com.tests.SubmitOrderTest.sumbitOrder" duration-ms="3932" status="PASS">
          <reporter-output>
          </reporter-output>
        </test-method> <!-- orderHistory -->
      </class> <!-- com.tests.SubmitOrderTest -->
    </test> <!-- Submit Order -->
    <test started-at="2023-06-12T11:45:17 IST" name="ErroValidation" finished-at="2023-06-12T11:45:43 IST" duration-ms="26654">
      <class name="com.tests.ErrorValidationsTest">
        <test-method is-config="true" signature="launchApplication()[pri:0, instance:com.tests.ErrorValidationsTest@5b1ebf56]" started-at="2023-06-12T11:45:17 IST" name="launchApplication" finished-at="2023-06-12T11:45:42 IST" duration-ms="25448" status="PASS">
          <reporter-output>
          </reporter-output>
        </test-method> <!-- launchApplication -->
        <test-method signature="sumbitOrder()[pri:0, instance:com.tests.ErrorValidationsTest@5b1ebf56]" started-at="2023-06-12T11:45:42 IST" name="sumbitOrder" finished-at="2023-06-12T11:45:43 IST" duration-ms="1204" status="PASS">
          <reporter-output>
          </reporter-output>
        </test-method> <!-- sumbitOrder -->
      </class> <!-- com.tests.ErrorValidationsTest -->
    </test> <!-- ErroValidation -->
  </suite> <!-- Suite -->
</testng-results>
