<?xml version="1.0" encoding="UTF-8"?>
<testng-results ignored="0" total="1" passed="1" failed="0" skipped="0">
  <reporter-output>
  </reporter-output>
  <suite started-at="2023-06-09T14:44:50 IST" name="Default suite" finished-at="2023-06-09T14:45:18 IST" duration-ms="27802">
    <groups>
    </groups>
    <test started-at="2023-06-09T14:44:50 IST" name="Default test" finished-at="2023-06-09T14:45:18 IST" duration-ms="27802">
      <class name="com.tests.ErrorValidationsTest">
        <test-method is-config="true" signature="launchApplication()[pri:0, instance:com.tests.ErrorValidationsTest@38cee291]" started-at="2023-06-09T14:44:50 IST" name="launchApplication" finished-at="2023-06-09T14:45:17 IST" duration-ms="26688" status="PASS">
          <reporter-output>
          </reporter-output>
        </test-method> <!-- launchApplication -->
        <test-method signature="sumbitOrder()[pri:0, instance:com.tests.ErrorValidationsTest@38cee291]" started-at="2023-06-09T14:45:17 IST" name="sumbitOrder" finished-at="2023-06-09T14:45:18 IST" duration-ms="1078" status="PASS">
          <reporter-output>
          </reporter-output>
        </test-method> <!-- sumbitOrder -->
      </class> <!-- com.tests.ErrorValidationsTest -->
    </test> <!-- Default test -->
  </suite> <!-- Default suite -->
</testng-results>
